<?xml version="1.0" encoding="UTF-8"?>
<!-- Generated by org.testng.reporters.JUnitReportReporter -->
<testsuite hostname="DESKTOP-0G8J1U8" failures="0" tests="3" name="CRM_Volunteer_Mgmt.CRM_VOL_Volunteer_Test" time="70.046" errors="0" timestamp="2022-06-20T17:33:28 IST" skipped="0">
  <testcase classname="CRM_Volunteer_Mgmt.CRM_VOL_Volunteer_Test" name="OpenTheBrowser" time="4.609"/>
  <system-out/>
  <testcase classname="CRM_Volunteer_Mgmt.CRM_VOL_Volunteer_Test" name="loginToApp" time="62.433"/>
  <system-out/>
  <testcase classname="CRM_Volunteer_Mgmt.CRM_VOL_Volunteer_Test" name="closebrowser" time="3.004"/>
  <system-out/>
</testsuite> <!-- CRM_Volunteer_Mgmt.CRM_VOL_Volunteer_Test -->
