<?xml version="1.0" encoding="UTF-8"?>
<!-- Generated by org.testng.reporters.JUnitReportReporter -->
<testsuite hostname="DESKTOP-0G8J1U8" failures="0" tests="3" name="CRM_Grant_Managment.CRM_GrantSetup" time="105.135" errors="0" timestamp="2022-07-07T20:24:30 IST" skipped="0">
  <testcase classname="CRM_Grant_Managment.CRM_GrantSetup" name="closebrowser" time="3.013"/>
  <system-out/>
  <testcase classname="CRM_Grant_Managment.CRM_GrantSetup" name="OpentheBrowser" time="4.474"/>
  <system-out/>
  <testcase classname="CRM_Grant_Managment.CRM_GrantSetup" name="LoginToAap" time="97.648"/>
  <system-out/>
</testsuite> <!-- CRM_Grant_Managment.CRM_GrantSetup -->
