<?xml version="1.0" encoding="UTF-8"?>
<!-- Generated by org.testng.reporters.JUnitReportReporter -->
<testsuite hostname="DESKTOP-0G8J1U8" failures="0" tests="1" name="CRM_Test.CRM_TestClass3" time="128.499" errors="0" timestamp="2022-06-27T14:24:22 IST" skipped="0">
  <testcase classname="CRM_Test.CRM_TestClass3" name="loginToApp" time="128.499"/>
  <system-out/>
</testsuite> <!-- CRM_Test.CRM_TestClass3 -->
