<?xml version="1.0" encoding="UTF-8"?>
<!-- Generated by org.testng.reporters.JUnitReportReporter -->
<testsuite hostname="DESKTOP-0G8J1U8" failures="0" tests="3" name="CRM_Volunteer_Mgmt.CRM_Vol_Opportunity_Schedulepage_Test" time="71.655" errors="0" timestamp="2022-07-07T19:51:50 IST" skipped="0">
  <testcase classname="CRM_Volunteer_Mgmt.CRM_Vol_Opportunity_Schedulepage_Test" name="OpenTheBrowser" time="6.122"/>
  <system-out/>
  <testcase classname="CRM_Volunteer_Mgmt.CRM_Vol_Opportunity_Schedulepage_Test" name="loginToApp" time="62.515"/>
  <system-out/>
  <testcase classname="CRM_Volunteer_Mgmt.CRM_Vol_Opportunity_Schedulepage_Test" name="closebrowser" time="3.018"/>
  <system-out/>
</testsuite> <!-- CRM_Volunteer_Mgmt.CRM_Vol_Opportunity_Schedulepage_Test -->
