<?xml version="1.0" encoding="UTF-8"?>
<!-- Generated by org.testng.reporters.JUnitReportReporter -->
<testsuite hostname="DESKTOP-0G8J1U8" failures="0" tests="3" name="CRM_Volunteer_Mgmt.CRM_VOL_Volunteer_Details_Test" time="90.805" errors="0" timestamp="2022-07-13T20:58:58 IST" skipped="0">
  <testcase classname="CRM_Volunteer_Mgmt.CRM_VOL_Volunteer_Details_Test" name="OpenTheBrowser" time="6.772"/>
  <system-out/>
  <testcase classname="CRM_Volunteer_Mgmt.CRM_VOL_Volunteer_Details_Test" name="loginToApp" time="81.015"/>
  <system-out/>
  <testcase classname="CRM_Volunteer_Mgmt.CRM_VOL_Volunteer_Details_Test" name="closebrowser" time="3.018"/>
  <system-out/>
</testsuite> <!-- CRM_Volunteer_Mgmt.CRM_VOL_Volunteer_Details_Test -->
