<?xml version="1.0" encoding="UTF-8"?>
<!-- Generated by org.testng.reporters.JUnitReportReporter -->
<testsuite hostname="DESKTOP-0G8J1U8" failures="0" tests="3" name="CRM_Grant_Managment.CRM_Gant_Eligibility_Criteria" time="54.610" errors="0" timestamp="2022-07-07T14:15:53 IST" skipped="0">
  <testcase classname="CRM_Grant_Managment.CRM_Gant_Eligibility_Criteria" name="closebrowser" time="3.021"/>
  <system-out/>
  <testcase classname="CRM_Grant_Managment.CRM_Gant_Eligibility_Criteria" name="OpentheBrowser" time="3.793"/>
  <system-out/>
  <testcase classname="CRM_Grant_Managment.CRM_Gant_Eligibility_Criteria" name="LoginToAap" time="47.796"/>
  <system-out/>
</testsuite> <!-- CRM_Grant_Managment.CRM_Gant_Eligibility_Criteria -->
