<?xml version="1.0" encoding="UTF-8"?>
<!-- Generated by org.testng.reporters.JUnitReportReporter -->
<testsuite hostname="DESKTOP-0G8J1U8" failures="0" tests="3" name="CRM_Volunteer_Mgmt.CRM_Volunteer_Test2" time="75.302" errors="0" timestamp="2022-07-07T19:05:58 IST" skipped="0">
  <testcase classname="CRM_Volunteer_Mgmt.CRM_Volunteer_Test2" name="OpenTheBrowser" time="4.091"/>
  <system-out/>
  <testcase classname="CRM_Volunteer_Mgmt.CRM_Volunteer_Test2" name="loginToApp" time="68.201"/>
  <system-out/>
  <testcase classname="CRM_Volunteer_Mgmt.CRM_Volunteer_Test2" name="closebrowser" time="3.010"/>
  <system-out/>
</testsuite> <!-- CRM_Volunteer_Mgmt.CRM_Volunteer_Test2 -->
