<?xml version="1.0" encoding="UTF-8"?>
<!-- Generated by org.testng.reporters.JUnitReportReporter -->
<testsuite hostname="DESKTOP-0G8J1U8" failures="0" tests="1" name="Module1_Donor_Mgnt_Test.Donor_TESTCASE1_9" time="17.864" errors="0" timestamp="2022-06-25T13:18:17 IST" skipped="0">
  <testcase classname="Module1_Donor_Mgnt_Test.Donor_TESTCASE1_9" name="FillInfo" time="17.864"/>
  <system-out/>
</testsuite> <!-- Module1_Donor_Mgnt_Test.Donor_TESTCASE1_9 -->
