<?xml version="1.0" encoding="UTF-8"?>
<!-- Generated by org.testng.reporters.JUnitReportReporter -->
<testsuite hostname="DESKTOP-0G8J1U8" failures="0" tests="1" name="Module1_Donor_Mgnt_Test.Donor_TESTCASE1_6" time="19.031" errors="0" timestamp="2022-06-25T12:59:33 IST" skipped="0">
  <testcase classname="Module1_Donor_Mgnt_Test.Donor_TESTCASE1_6" name="FillInfo" time="19.031"/>
  <system-out/>
</testsuite> <!-- Module1_Donor_Mgnt_Test.Donor_TESTCASE1_6 -->
