<?xml version="1.0" encoding="UTF-8"?>
<!-- Generated by org.testng.reporters.JUnitReportReporter -->
<testsuite hostname="DESKTOP-0G8J1U8" failures="0" tests="3" name="CRM_Grant_Managment.CRM_GrantMgmtGrantApplications" time="115.526" errors="0" timestamp="2022-07-07T21:06:14 IST" skipped="0">
  <testcase classname="CRM_Grant_Managment.CRM_GrantMgmtGrantApplications" name="closebrowser" time="3.010"/>
  <system-out/>
  <testcase classname="CRM_Grant_Managment.CRM_GrantMgmtGrantApplications" name="OpentheBrowser" time="7.580"/>
  <system-out/>
  <testcase classname="CRM_Grant_Managment.CRM_GrantMgmtGrantApplications" name="LoginToAap" time="104.936"/>
  <system-out/>
</testsuite> <!-- CRM_Grant_Managment.CRM_GrantMgmtGrantApplications -->
