<?xml version="1.0" encoding="UTF-8"?>
<!-- Generated by org.testng.reporters.JUnitReportReporter -->
<testsuite hostname="DESKTOP-0G8J1U8" failures="0" tests="1" name="Module1_Donor_Mgnt_Test.Donor_TESTCASE1_5" time="14.006" errors="0" timestamp="2022-06-25T12:58:03 IST" skipped="0">
  <testcase classname="Module1_Donor_Mgnt_Test.Donor_TESTCASE1_5" name="FillInfo" time="14.006"/>
  <system-out/>
</testsuite> <!-- Module1_Donor_Mgnt_Test.Donor_TESTCASE1_5 -->
