<?xml version="1.0" encoding="UTF-8"?>
<!-- Generated by org.testng.reporters.JUnitReportReporter -->
<testsuite hostname="DESKTOP-0G8J1U8" failures="0" tests="1" name="Module1_Donor_Mgnt_Test.CRM_TestClass" time="118.899" errors="0" timestamp="2022-06-24T16:42:26 IST" skipped="0">
  <testcase classname="Module1_Donor_Mgnt_Test.CRM_TestClass" name="loginToApp" time="118.899"/>
  <system-out/>
</testsuite> <!-- Module1_Donor_Mgnt_Test.CRM_TestClass -->
