<?xml version="1.0" encoding="UTF-8"?>
<!-- Generated by org.testng.reporters.JUnitReportReporter -->
<testsuite hostname="DESKTOP-0G8J1U8" failures="0" tests="3" name="CRM_Grant_Managment.CRM_Test_Class_1" time="230.258" errors="0" timestamp="2022-07-22T17:05:25 IST" skipped="0">
  <testcase classname="CRM_Grant_Managment.CRM_Test_Class_1" name="OpentheBrowser" time="4.747"/>
  <system-out/>
  <testcase classname="CRM_Grant_Managment.CRM_Test_Class_1" name="LoginToAap" time="222.506"/>
  <system-out/>
  <testcase classname="CRM_Grant_Managment.CRM_Test_Class_1" name="closebrowser" time="3.005"/>
  <system-out/>
</testsuite> <!-- CRM_Grant_Managment.CRM_Test_Class_1 -->
