<?xml version="1.0" encoding="UTF-8"?>
<!-- Generated by org.testng.reporters.JUnitReportReporter -->
<testsuite hostname="DESKTOP-0G8J1U8" failures="0" tests="1" name="CRM_Test.CRM_TestClass2" time="97.912" errors="0" timestamp="2022-06-27T14:21:29 IST" skipped="0">
  <testcase classname="CRM_Test.CRM_TestClass2" name="loginToApp" time="97.912"/>
  <system-out/>
</testsuite> <!-- CRM_Test.CRM_TestClass2 -->
