<?xml version="1.0" encoding="UTF-8"?>
<!-- Generated by org.testng.reporters.JUnitReportReporter -->
<testsuite hostname="DESKTOP-0G8J1U8" failures="0" tests="3" name="CRM_Volunteer_Mgmt.CRM_Volunteer_Test3" time="90.727" errors="0" timestamp="2022-07-07T19:10:04 IST" skipped="0">
  <testcase classname="CRM_Volunteer_Mgmt.CRM_Volunteer_Test3" name="OpenTheBrowser" time="5.185"/>
  <system-out/>
  <testcase classname="CRM_Volunteer_Mgmt.CRM_Volunteer_Test3" name="loginToApp" time="82.527"/>
  <system-out/>
  <testcase classname="CRM_Volunteer_Mgmt.CRM_Volunteer_Test3" name="closebrowser" time="3.015"/>
  <system-out/>
</testsuite> <!-- CRM_Volunteer_Mgmt.CRM_Volunteer_Test3 -->
