<?xml version="1.0" encoding="UTF-8"?>
<!-- Generated by org.testng.reporters.JUnitReportReporter -->
<testsuite hostname="DESKTOP-0G8J1U8" failures="0" tests="3" name="CRM_Grant_Managment.CRM_GrantMgmt" time="80.764" errors="0" timestamp="2022-07-07T20:27:17 IST" skipped="0">
  <testcase classname="CRM_Grant_Managment.CRM_GrantMgmt" name="closebrowser" time="3.018"/>
  <system-out/>
  <testcase classname="CRM_Grant_Managment.CRM_GrantMgmt" name="OpentheBrowser" time="6.209"/>
  <system-out/>
  <testcase classname="CRM_Grant_Managment.CRM_GrantMgmt" name="LoginToAap" time="71.537"/>
  <system-out/>
</testsuite> <!-- CRM_Grant_Managment.CRM_GrantMgmt -->
