<?xml version="1.0" encoding="UTF-8"?>
<!-- Generated by org.testng.reporters.JUnitReportReporter -->
<testsuite hostname="DESKTOP-0G8J1U8" failures="0" tests="3" name="CRM_Volunteer_Mgmt.CRM_Volunteer_Test1" time="97.158" errors="0" timestamp="2022-07-15T14:52:17 IST" skipped="0">
  <testcase classname="CRM_Volunteer_Mgmt.CRM_Volunteer_Test1" name="OpenTheBrowser" time="5.893"/>
  <system-out/>
  <testcase classname="CRM_Volunteer_Mgmt.CRM_Volunteer_Test1" name="loginToApp" time="88.253"/>
  <system-out/>
  <testcase classname="CRM_Volunteer_Mgmt.CRM_Volunteer_Test1" name="closebrowser" time="3.012"/>
  <system-out/>
</testsuite> <!-- CRM_Volunteer_Mgmt.CRM_Volunteer_Test1 -->
